소켓 서버 설정 완료
Executing (default): SELECT 1+1 AS result
데이터베이스 연결 성공!
Executing (default): SELECT TABLE_NAME FROM INFORMATION_SCHEMA.TABLES WHERE TABLE_TYPE = 'BASE TABLE' AND TABLE_NAME = 'board' AND TABLE_SCHEMA = 'asgin'
Executing (default): SHOW INDEX FROM `board` FROM `asgin`
Executing (default): SELECT TABLE_NAME FROM INFORMATION_SCHEMA.TABLES WHERE TABLE_TYPE = 'BASE TABLE' AND TABLE_NAME = 'member' AND TABLE_SCHEMA = 'asgin'
Executing (default): SHOW INDEX FROM `member` FROM `asgin`
Executing (default): SELECT TABLE_NAME FROM INFORMATION_SCHEMA.TABLES WHERE TABLE_TYPE = 'BASE TABLE' AND TABLE_NAME = 'chat_messages' AND TABLE_SCHEMA = 'asgin'
Executing (default): SHOW INDEX FROM `chat_messages` FROM `asgin`
Executing (default): SELECT TABLE_NAME FROM INFORMATION_SCHEMA.TABLES WHERE TABLE_TYPE = 'BASE TABLE' AND TABLE_NAME = 'chat_rooms' AND TABLE_SCHEMA = 'asgin'
Executing (default): SHOW INDEX FROM `chat_rooms` FROM `asgin`
모델 동기화 완료!
Executing (default): SELECT `id`, `name`, `description`, `createdAt`, `updatedAt` FROM `chat_rooms` AS `ChatRoom` WHERE `ChatRoom`.`id` = 'general';
Executing (default): SELECT `id`, `name`, `description`, `createdAt`, `updatedAt` FROM `chat_rooms` AS `ChatRoom` WHERE `ChatRoom`.`id` = 'tech';
Executing (default): SELECT `id`, `name`, `description`, `createdAt`, `updatedAt` FROM `chat_rooms` AS `ChatRoom` WHERE `ChatRoom`.`id` = 'random';
서버 초기화 완료
Server is running on http://0.0.0.0:3000
Swagger UI available at http://0.0.0.0:3000/docs
Socket.io 서버가 실행 중입니다
소켓 서버 설정 완료
Executing (default): SELECT 1+1 AS result
데이터베이스 연결 성공!
Executing (default): SELECT TABLE_NAME FROM INFORMATION_SCHEMA.TABLES WHERE TABLE_TYPE = 'BASE TABLE' AND TABLE_NAME = 'board' AND TABLE_SCHEMA = 'asgin'
Executing (default): SHOW INDEX FROM `board` FROM `asgin`
Executing (default): SELECT TABLE_NAME FROM INFORMATION_SCHEMA.TABLES WHERE TABLE_TYPE = 'BASE TABLE' AND TABLE_NAME = 'member' AND TABLE_SCHEMA = 'asgin'
Executing (default): SHOW INDEX FROM `member` FROM `asgin`
Executing (default): SELECT TABLE_NAME FROM INFORMATION_SCHEMA.TABLES WHERE TABLE_TYPE = 'BASE TABLE' AND TABLE_NAME = 'chat_messages' AND TABLE_SCHEMA = 'asgin'
Executing (default): SHOW INDEX FROM `chat_messages` FROM `asgin`
Executing (default): SELECT TABLE_NAME FROM INFORMATION_SCHEMA.TABLES WHERE TABLE_TYPE = 'BASE TABLE' AND TABLE_NAME = 'chat_rooms' AND TABLE_SCHEMA = 'asgin'
Executing (default): SHOW INDEX FROM `chat_rooms` FROM `asgin`
모델 동기화 완료!
Executing (default): SELECT `id`, `name`, `description`, `createdAt`, `updatedAt` FROM `chat_rooms` AS `ChatRoom` WHERE `ChatRoom`.`id` = 'general';
Executing (default): SELECT `id`, `name`, `description`, `createdAt`, `updatedAt` FROM `chat_rooms` AS `ChatRoom` WHERE `ChatRoom`.`id` = 'tech';
Executing (default): SELECT `id`, `name`, `description`, `createdAt`, `updatedAt` FROM `chat_rooms` AS `ChatRoom` WHERE `ChatRoom`.`id` = 'random';
서버 초기화 완료
Server is running on http://0.0.0.0:3000
Swagger UI available at http://0.0.0.0:3000/docs
Socket.io 서버가 실행 중입니다
소켓 서버 설정 완료
Executing (default): SELECT 1+1 AS result
데이터베이스 연결 성공!
Executing (default): SELECT TABLE_NAME FROM INFORMATION_SCHEMA.TABLES WHERE TABLE_TYPE = 'BASE TABLE' AND TABLE_NAME = 'board' AND TABLE_SCHEMA = 'asgin'
Executing (default): SHOW INDEX FROM `board` FROM `asgin`
Executing (default): SELECT TABLE_NAME FROM INFORMATION_SCHEMA.TABLES WHERE TABLE_TYPE = 'BASE TABLE' AND TABLE_NAME = 'member' AND TABLE_SCHEMA = 'asgin'
Executing (default): SHOW INDEX FROM `member` FROM `asgin`
Executing (default): SELECT TABLE_NAME FROM INFORMATION_SCHEMA.TABLES WHERE TABLE_TYPE = 'BASE TABLE' AND TABLE_NAME = 'chat_messages' AND TABLE_SCHEMA = 'asgin'
Executing (default): SHOW INDEX FROM `chat_messages` FROM `asgin`
Executing (default): SELECT TABLE_NAME FROM INFORMATION_SCHEMA.TABLES WHERE TABLE_TYPE = 'BASE TABLE' AND TABLE_NAME = 'chat_rooms' AND TABLE_SCHEMA = 'asgin'
Executing (default): SHOW INDEX FROM `chat_rooms` FROM `asgin`
모델 동기화 완료!
Executing (default): SELECT `id`, `name`, `description`, `createdAt`, `updatedAt` FROM `chat_rooms` AS `ChatRoom` WHERE `ChatRoom`.`id` = 'general';
Executing (default): SELECT `id`, `name`, `description`, `createdAt`, `updatedAt` FROM `chat_rooms` AS `ChatRoom` WHERE `ChatRoom`.`id` = 'tech';
Executing (default): SELECT `id`, `name`, `description`, `createdAt`, `updatedAt` FROM `chat_rooms` AS `ChatRoom` WHERE `ChatRoom`.`id` = 'random';
서버 초기화 완료
Server is running on http://0.0.0.0:3000
Swagger UI available at http://0.0.0.0:3000/docs
Socket.io 서버가 실행 중입니다
소켓 서버 설정 완료
Executing (default): SELECT 1+1 AS result
데이터베이스 연결 성공!
Executing (default): SELECT TABLE_NAME FROM INFORMATION_SCHEMA.TABLES WHERE TABLE_TYPE = 'BASE TABLE' AND TABLE_NAME = 'board' AND TABLE_SCHEMA = 'asgin'
Executing (default): SHOW INDEX FROM `board` FROM `asgin`
Executing (default): SELECT TABLE_NAME FROM INFORMATION_SCHEMA.TABLES WHERE TABLE_TYPE = 'BASE TABLE' AND TABLE_NAME = 'member' AND TABLE_SCHEMA = 'asgin'
Executing (default): SHOW INDEX FROM `member` FROM `asgin`
Executing (default): SELECT TABLE_NAME FROM INFORMATION_SCHEMA.TABLES WHERE TABLE_TYPE = 'BASE TABLE' AND TABLE_NAME = 'chat_messages' AND TABLE_SCHEMA = 'asgin'
Executing (default): SHOW INDEX FROM `chat_messages` FROM `asgin`
Executing (default): SELECT TABLE_NAME FROM INFORMATION_SCHEMA.TABLES WHERE TABLE_TYPE = 'BASE TABLE' AND TABLE_NAME = 'chat_rooms' AND TABLE_SCHEMA = 'asgin'
Executing (default): SHOW INDEX FROM `chat_rooms` FROM `asgin`
모델 동기화 완료!
Executing (default): SELECT `id`, `name`, `description`, `createdAt`, `updatedAt` FROM `chat_rooms` AS `ChatRoom` WHERE `ChatRoom`.`id` = 'general';
Executing (default): SELECT `id`, `name`, `description`, `createdAt`, `updatedAt` FROM `chat_rooms` AS `ChatRoom` WHERE `ChatRoom`.`id` = 'tech';
Executing (default): SELECT `id`, `name`, `description`, `createdAt`, `updatedAt` FROM `chat_rooms` AS `ChatRoom` WHERE `ChatRoom`.`id` = 'random';
서버 초기화 완료
Server is running on http://0.0.0.0:3000
Swagger UI available at http://0.0.0.0:3000/docs
Socket.io 서버가 실행 중입니다
소켓 서버 설정 완료
Executing (default): SELECT 1+1 AS result
데이터베이스 연결 성공!
Executing (default): SELECT TABLE_NAME FROM INFORMATION_SCHEMA.TABLES WHERE TABLE_TYPE = 'BASE TABLE' AND TABLE_NAME = 'board' AND TABLE_SCHEMA = 'asgin'
Executing (default): SHOW INDEX FROM `board` FROM `asgin`
Executing (default): SELECT TABLE_NAME FROM INFORMATION_SCHEMA.TABLES WHERE TABLE_TYPE = 'BASE TABLE' AND TABLE_NAME = 'member' AND TABLE_SCHEMA = 'asgin'
Executing (default): SHOW INDEX FROM `member` FROM `asgin`
Executing (default): SELECT TABLE_NAME FROM INFORMATION_SCHEMA.TABLES WHERE TABLE_TYPE = 'BASE TABLE' AND TABLE_NAME = 'chat_messages' AND TABLE_SCHEMA = 'asgin'
Executing (default): SHOW INDEX FROM `chat_messages` FROM `asgin`
Executing (default): SELECT TABLE_NAME FROM INFORMATION_SCHEMA.TABLES WHERE TABLE_TYPE = 'BASE TABLE' AND TABLE_NAME = 'chat_rooms' AND TABLE_SCHEMA = 'asgin'
Executing (default): SHOW INDEX FROM `chat_rooms` FROM `asgin`
모델 동기화 완료!
Executing (default): SELECT `id`, `name`, `description`, `createdAt`, `updatedAt` FROM `chat_rooms` AS `ChatRoom` WHERE `ChatRoom`.`id` = 'general';
Executing (default): SELECT `id`, `name`, `description`, `createdAt`, `updatedAt` FROM `chat_rooms` AS `ChatRoom` WHERE `ChatRoom`.`id` = 'tech';
Executing (default): SELECT `id`, `name`, `description`, `createdAt`, `updatedAt` FROM `chat_rooms` AS `ChatRoom` WHERE `ChatRoom`.`id` = 'random';
서버 초기화 완료
Server is running on http://0.0.0.0:3000
Swagger UI available at http://0.0.0.0:3000/docs
Socket.io 서버가 실행 중입니다
소켓 서버 설정 완료
Executing (default): SELECT 1+1 AS result
데이터베이스 연결 성공!
Executing (default): SELECT TABLE_NAME FROM INFORMATION_SCHEMA.TABLES WHERE TABLE_TYPE = 'BASE TABLE' AND TABLE_NAME = 'board' AND TABLE_SCHEMA = 'asgin'
Executing (default): SHOW INDEX FROM `board` FROM `asgin`
Executing (default): SELECT TABLE_NAME FROM INFORMATION_SCHEMA.TABLES WHERE TABLE_TYPE = 'BASE TABLE' AND TABLE_NAME = 'member' AND TABLE_SCHEMA = 'asgin'
Executing (default): SHOW INDEX FROM `member` FROM `asgin`
Executing (default): SELECT TABLE_NAME FROM INFORMATION_SCHEMA.TABLES WHERE TABLE_TYPE = 'BASE TABLE' AND TABLE_NAME = 'chat_messages' AND TABLE_SCHEMA = 'asgin'
Executing (default): SHOW INDEX FROM `chat_messages` FROM `asgin`
Executing (default): SELECT TABLE_NAME FROM INFORMATION_SCHEMA.TABLES WHERE TABLE_TYPE = 'BASE TABLE' AND TABLE_NAME = 'chat_rooms' AND TABLE_SCHEMA = 'asgin'
Executing (default): SHOW INDEX FROM `chat_rooms` FROM `asgin`
모델 동기화 완료!
Executing (default): SELECT `id`, `name`, `description`, `createdAt`, `updatedAt` FROM `chat_rooms` AS `ChatRoom` WHERE `ChatRoom`.`id` = 'general';
Executing (default): SELECT `id`, `name`, `description`, `createdAt`, `updatedAt` FROM `chat_rooms` AS `ChatRoom` WHERE `ChatRoom`.`id` = 'tech';
Executing (default): SELECT `id`, `name`, `description`, `createdAt`, `updatedAt` FROM `chat_rooms` AS `ChatRoom` WHERE `ChatRoom`.`id` = 'random';
서버 초기화 완료
Server is running on http://0.0.0.0:3000
Swagger UI available at http://0.0.0.0:3000/docs
Socket.io 서버가 실행 중입니다
소켓 연결 시도: EIw6czQ5IvQ_gHg4AAAB
인증 토큰 존재 여부: true
인증 성공: EIw6czQ5IvQ_gHg4AAAB 1234
새 소켓 연결: EIw6czQ5IvQ_gHg4AAAB
Executing (default): SELECT `MID`, `MEMBERNAME` FROM `member` AS `Member` WHERE `Member`.`MID` = '1234';
사용자 정보 조회 성공: 1234
현재 연결된 사용자 수: 1
사용자 1234 기본 채팅방 참여
사용자 연결 해제: 1234, 이유: transport close
사용자 목록에서 제거됨, 남은 사용자 수: 0
Executing (default): SELECT `MID`, `MPW`, `MEMBERNAME`, `MROLE`, `createdAt`, `updatedAt` FROM `member` AS `Member` WHERE `Member`.`MID` = '1234';
Executing (default): SELECT `MID`, `MEMBERNAME` FROM `member` AS `Member` WHERE `Member`.`MID` = '1234';
POST /members/login 로그 :  Member {
  dataValues: { MID: '1234', MEMBERNAME: '1234' },
  _previousDataValues: { MID: '1234', MEMBERNAME: '1234' },
  uniqno: 1,
  _changed: Set(0) {},
  _options: {
    isNewRecord: false,
    _schema: null,
    _schemaDelimiter: '',
    raw: true,
    attributes: [ 'MID', 'MEMBERNAME' ]
  },
  isNewRecord: false
}
Executing (default): SELECT `MID`, `MEMBERNAME` FROM `member` AS `Member` WHERE `Member`.`MID` = '1234';
GET /members/me/profile 로그 :  Member {
  dataValues: { MID: '1234', MEMBERNAME: '1234' },
  _previousDataValues: { MID: '1234', MEMBERNAME: '1234' },
  uniqno: 1,
  _changed: Set(0) {},
  _options: {
    isNewRecord: false,
    _schema: null,
    _schemaDelimiter: '',
    raw: true,
    attributes: [ 'MID', 'MEMBERNAME' ]
  },
  isNewRecord: false
}
Executing (default): SELECT `id`, `name`, `description`, `createdAt`, `updatedAt` FROM `chat_rooms` AS `ChatRoom`;
Executing (default): SELECT `ChatMessage`.`id`, `ChatMessage`.`content`, `ChatMessage`.`senderId`, `ChatMessage`.`roomId`, `ChatMessage`.`createdAt`, `ChatMessage`.`updatedAt`, `sender`.`MID` AS `sender.MID`, `sender`.`MEMBERNAME` AS `sender.MEMBERNAME` FROM `chat_messages` AS `ChatMessage` LEFT OUTER JOIN `member` AS `sender` ON `ChatMessage`.`senderId` = `sender`.`MID` WHERE `ChatMessage`.`roomId` = 'general' ORDER BY `ChatMessage`.`createdAt` DESC LIMIT 50;
Executing (default): SELECT `MID`, `MPW`, `MEMBERNAME`, `MROLE`, `createdAt`, `updatedAt` FROM `member` AS `Member` WHERE `Member`.`MID` = '1234';
Executing (default): SELECT `MID`, `MEMBERNAME` FROM `member` AS `Member` WHERE `Member`.`MID` = '1234';
POST /members/login 로그 :  Member {
  dataValues: { MID: '1234', MEMBERNAME: '1234' },
  _previousDataValues: { MID: '1234', MEMBERNAME: '1234' },
  uniqno: 1,
  _changed: Set(0) {},
  _options: {
    isNewRecord: false,
    _schema: null,
    _schemaDelimiter: '',
    raw: true,
    attributes: [ 'MID', 'MEMBERNAME' ]
  },
  isNewRecord: false
}
Executing (default): SELECT `MID`, `MEMBERNAME` FROM `member` AS `Member` WHERE `Member`.`MID` = '1234';
GET /members/me/profile 로그 :  Member {
  dataValues: { MID: '1234', MEMBERNAME: '1234' },
  _previousDataValues: { MID: '1234', MEMBERNAME: '1234' },
  uniqno: 1,
  _changed: Set(0) {},
  _options: {
    isNewRecord: false,
    _schema: null,
    _schemaDelimiter: '',
    raw: true,
    attributes: [ 'MID', 'MEMBERNAME' ]
  },
  isNewRecord: false
}
Executing (default): SELECT `id`, `name`, `description`, `createdAt`, `updatedAt` FROM `chat_rooms` AS `ChatRoom`;
Executing (default): SELECT `ChatMessage`.`id`, `ChatMessage`.`content`, `ChatMessage`.`senderId`, `ChatMessage`.`roomId`, `ChatMessage`.`createdAt`, `ChatMessage`.`updatedAt`, `sender`.`MID` AS `sender.MID`, `sender`.`MEMBERNAME` AS `sender.MEMBERNAME` FROM `chat_messages` AS `ChatMessage` LEFT OUTER JOIN `member` AS `sender` ON `ChatMessage`.`senderId` = `sender`.`MID` WHERE `ChatMessage`.`roomId` = 'general' ORDER BY `ChatMessage`.`createdAt` DESC LIMIT 50;
Executing (default): SELECT `ChatMessage`.`id`, `ChatMessage`.`content`, `ChatMessage`.`senderId`, `ChatMessage`.`roomId`, `ChatMessage`.`createdAt`, `ChatMessage`.`updatedAt`, `sender`.`MID` AS `sender.MID`, `sender`.`MEMBERNAME` AS `sender.MEMBERNAME` FROM `chat_messages` AS `ChatMessage` LEFT OUTER JOIN `member` AS `sender` ON `ChatMessage`.`senderId` = `sender`.`MID` WHERE `ChatMessage`.`roomId` = 'random' ORDER BY `ChatMessage`.`createdAt` DESC LIMIT 50;
Executing (default): SELECT `ChatMessage`.`id`, `ChatMessage`.`content`, `ChatMessage`.`senderId`, `ChatMessage`.`roomId`, `ChatMessage`.`createdAt`, `ChatMessage`.`updatedAt`, `sender`.`MID` AS `sender.MID`, `sender`.`MEMBERNAME` AS `sender.MEMBERNAME` FROM `chat_messages` AS `ChatMessage` LEFT OUTER JOIN `member` AS `sender` ON `ChatMessage`.`senderId` = `sender`.`MID` WHERE `ChatMessage`.`roomId` = 'random' ORDER BY `ChatMessage`.`createdAt` DESC LIMIT 50;
Executing (default): SELECT `ChatMessage`.`id`, `ChatMessage`.`content`, `ChatMessage`.`senderId`, `ChatMessage`.`roomId`, `ChatMessage`.`createdAt`, `ChatMessage`.`updatedAt`, `sender`.`MID` AS `sender.MID`, `sender`.`MEMBERNAME` AS `sender.MEMBERNAME` FROM `chat_messages` AS `ChatMessage` LEFT OUTER JOIN `member` AS `sender` ON `ChatMessage`.`senderId` = `sender`.`MID` WHERE `ChatMessage`.`roomId` = 'tech' ORDER BY `ChatMessage`.`createdAt` DESC LIMIT 50;
Executing (default): SELECT `ChatMessage`.`id`, `ChatMessage`.`content`, `ChatMessage`.`senderId`, `ChatMessage`.`roomId`, `ChatMessage`.`createdAt`, `ChatMessage`.`updatedAt`, `sender`.`MID` AS `sender.MID`, `sender`.`MEMBERNAME` AS `sender.MEMBERNAME` FROM `chat_messages` AS `ChatMessage` LEFT OUTER JOIN `member` AS `sender` ON `ChatMessage`.`senderId` = `sender`.`MID` WHERE `ChatMessage`.`roomId` = 'tech' ORDER BY `ChatMessage`.`createdAt` DESC LIMIT 50;
